# JRE version: OpenJDK Runtime Environment Temurin-21.0.9+10 (21.0.9+10) (build 21.0.9+10-LTS)
# Java VM: OpenJDK 64-Bit Server VM Temurin-21.0.9+10 (21.0.9+10-LTS, mixed mode, sharing, tiered, compressed oops, compressed class ptrs, g1 gc, windows-amd64)
GC Precious Log:
 CardTable entry size: 512
 Card Set container configuration: InlinePtr #cards 5 size 8 Array Of Cards #cards 12 size 40 Howl #buckets 4 coarsen threshold 1843 Howl Bitmap #cards 512 size 80 coarsen threshold 460 Card regions per heap region 1 cards per card region 2048
 CPUs: 12 total, 12 available
 Memory: 7916M
 Large Page Support: Disabled
 NUMA Support: Disabled
 Compressed Oops: Enabled (32-bit)
 Heap Region Size: 1M
 Heap Min Capacity: 8M
 Heap Initial Capacity: 124M
 Heap Max Capacity: 1980M
 Pre-touch: Disabled
 Parallel Workers: 10
 Concurrent Workers: 3
 Concurrent Refinement Workers: 10
 Periodic GC: Disabled
Heap:
 garbage-first heap   total 75776K, used 34578K [0x0000000084400000, 0x0000000100000000)
  region size 1024K, 4 young (4096K), 3 survivors (3072K)
 Metaspace       used 76526K, committed 77504K, reserved 1179648K
  class space    used 10145K, committed 10560K, reserved 1048576K
GC Heap History (20 events):
Event: 4.215 GC heap before
{Heap before GC invocations=7 (full 0):
 garbage-first heap   total 61440K, used 24576K [0x0000000084400000, 0x0000000100000000)
  region size 1024K, 7 young (7168K), 2 survivors (2048K)
 Metaspace       used 35454K, committed 35968K, reserved 1114112K
  class space    used 4664K, committed 4928K, reserved 1048576K
}
Event: 4.219 GC heap after
{Heap after GC invocations=8 (full 0):
 garbage-first heap   total 61440K, used 20327K [0x0000000084400000, 0x0000000100000000)
  region size 1024K, 2 young (2048K), 2 survivors (2048K)
 Metaspace       used 35454K, committed 35968K, reserved 1114112K
  class space    used 4664K, committed 4928K, reserved 1048576K
}
Event: 5.492 GC heap before
{Heap before GC invocations=9 (full 0):
 garbage-first heap   total 61440K, used 52071K [0x0000000084400000, 0x0000000100000000)
  region size 1024K, 33 young (33792K), 2 survivors (2048K)
 Metaspace       used 47311K, committed 47872K, reserved 1114112K
  class space    used 6201K, committed 6464K, reserved 1048576K
}
Event: 5.500 GC heap after
{Heap after GC invocations=10 (full 0):
 garbage-first heap   total 61440K, used 23496K [0x0000000084400000, 0x0000000100000000)
  region size 1024K, 5 young (5120K), 5 survivors (5120K)
 Metaspace       used 47311K, committed 47872K, reserved 1114112K
  class space    used 6201K, committed 6464K, reserved 1048576K
}
Event: 6.057 GC heap before
{Heap before GC invocations=10 (full 0):
 garbage-first heap   total 61440K, used 51144K [0x0000000084400000, 0x0000000100000000)
  region size 1024K, 33 young (33792K), 5 survivors (5120K)
 Metaspace       used 55349K, committed 55872K, reserved 1114112K
  class space    used 7405K, committed 7616K, reserved 1048576K
}
Event: 6.066 GC heap after
{Heap after GC invocations=11 (full 0):
 garbage-first heap   total 61440K, used 25023K [0x0000000084400000, 0x0000000100000000)
  region size 1024K, 2 young (2048K), 2 survivors (2048K)
 Metaspace       used 55349K, committed 55872K, reserved 1114112K
  class space    used 7405K, committed 7616K, reserved 1048576K
}
Event: 6.416 GC heap before
{Heap before GC invocations=11 (full 0):
 garbage-first heap   total 61440K, used 41407K [0x0000000084400000, 0x0000000100000000)
  region size 1024K, 19 young (19456K), 2 survivors (2048K)
 Metaspace       used 59544K, committed 60096K, reserved 1114112K
  class space    used 8057K, committed 8320K, reserved 1048576K
}
Event: 6.421 GC heap after
{Heap after GC invocations=12 (full 0):
 garbage-first heap   total 61440K, used 25660K [0x0000000084400000, 0x0000000100000000)
  region size 1024K, 3 young (3072K), 3 survivors (3072K)
 Metaspace       used 59544K, committed 60096K, reserved 1114112K
  class space    used 8057K, committed 8320K, reserved 1048576K
}
Event: 7.123 GC heap before
{Heap before GC invocations=13 (full 0):
 garbage-first heap   total 61440K, used 52284K [0x0000000084400000, 0x0000000100000000)
  region size 1024K, 30 young (30720K), 3 survivors (3072K)
 Metaspace       used 64341K, committed 64960K, reserved 1114112K
  class space    used 8728K, committed 9024K, reserved 1048576K
}
Event: 7.128 GC heap after
{Heap after GC invocations=14 (full 0):
 garbage-first heap   total 61440K, used 28387K [0x0000000084400000, 0x0000000100000000)
  region size 1024K, 4 young (4096K), 4 survivors (4096K)
 Metaspace       used 64341K, committed 64960K, reserved 1114112K
  class space    used 8728K, committed 9024K, reserved 1048576K
}
Event: 7.812 GC heap before
{Heap before GC invocations=14 (full 0):
 garbage-first heap   total 61440K, used 51939K [0x0000000084400000, 0x0000000100000000)
  region size 1024K, 28 young (28672K), 4 survivors (4096K)
 Metaspace       used 67541K, committed 68224K, reserved 1114112K
  class space    used 9195K, committed 9472K, reserved 1048576K
}
Event: 7.820 GC heap after
{Heap after GC invocations=15 (full 0):
 garbage-first heap   total 62464K, used 31082K [0x0000000084400000, 0x0000000100000000)
  region size 1024K, 4 young (4096K), 4 survivors (4096K)
 Metaspace       used 67541K, committed 68224K, reserved 1114112K
  class space    used 9195K, committed 9472K, reserved 1048576K
}
Event: 26.778 GC heap before
{Heap before GC invocations=15 (full 0):
 garbage-first heap   total 62464K, used 52586K [0x0000000084400000, 0x0000000100000000)
  region size 1024K, 26 young (26624K), 4 survivors (4096K)
 Metaspace       used 73144K, committed 73792K, reserved 1114112K
  class space    used 9977K, committed 10240K, reserved 1048576K
}
Event: 26.789 GC heap after
{Heap after GC invocations=16 (full 0):
 garbage-first heap   total 75776K, used 32751K [0x0000000084400000, 0x0000000100000000)
  region size 1024K, 2 young (2048K), 2 survivors (2048K)
 Metaspace       used 73144K, committed 73792K, reserved 1114112K
  class space    used 9977K, committed 10240K, reserved 1048576K
}
Event: 1551.814 GC heap before
{Heap before GC invocations=17 (full 0):
 garbage-first heap   total 75776K, used 64495K [0x0000000084400000, 0x0000000100000000)
  region size 1024K, 34 young (34816K), 2 survivors (2048K)
 Metaspace       used 75635K, committed 76416K, reserved 1179648K
  class space    used 10219K, committed 10560K, reserved 1048576K
}
Event: 1551.969 GC heap after
{Heap after GC invocations=18 (full 0):
 garbage-first heap   total 75776K, used 33801K [0x0000000084400000, 0x0000000100000000)
  region size 1024K, 3 young (3072K), 3 survivors (3072K)
 Metaspace       used 75635K, committed 76416K, reserved 1179648K
  class space    used 10219K, committed 10560K, reserved 1048576K
}
Event: 2016.567 GC heap before
{Heap before GC invocations=18 (full 0):
 garbage-first heap   total 75776K, used 66569K [0x0000000084400000, 0x0000000100000000)
  region size 1024K, 35 young (35840K), 3 survivors (3072K)
 Metaspace       used 76307K, committed 77056K, reserved 1179648K
  class space    used 10226K, committed 10560K, reserved 1048576K
}
Event: 2016.716 GC heap after
{Heap after GC invocations=19 (full 0):
 garbage-first heap   total 75776K, used 34248K [0x0000000084400000, 0x0000000100000000)
  region size 1024K, 3 young (3072K), 3 survivors (3072K)
 Metaspace       used 76307K, committed 77056K, reserved 1179648K
  class space    used 10226K, committed 10560K, reserved 1048576K
}
Event: 3593.932 GC heap before
{Heap before GC invocations=19 (full 0):
 garbage-first heap   total 75776K, used 65992K [0x0000000084400000, 0x0000000100000000)
  region size 1024K, 35 young (35840K), 3 survivors (3072K)
 Metaspace       used 76826K, committed 77504K, reserved 1179648K
  class space    used 10232K, committed 10560K, reserved 1048576K
}
Event: 3594.024 GC heap after
{Heap after GC invocations=20 (full 0):
 garbage-first heap   total 75776K, used 34578K [0x0000000084400000, 0x0000000100000000)
  region size 1024K, 3 young (3072K), 3 survivors (3072K)
 Metaspace       used 76826K, committed 77504K, reserved 1179648K
  class space    used 10232K, committed 10560K, reserved 1048576K
}

